This file contains any messages produced by compilers while
running configure, to aid debugging if configure makes a mistake.

It was created by board_db configure 0.1, which was
generated by GNU Autoconf 2.71.  Invocation command line was

  $ /home/alex/job/board_db/configure --enable-maintainer-mode 'CFLAGS=-g -O0' 'CXXFLAGS=-g -O0' 'JFLAGS=-g -O0' 'FFLAGS=-g -O0' --no-create --no-recursion

## --------- ##
## Platform. ##
## --------- ##

hostname = alex-RLEF-XX
uname -m = x86_64
uname -r = 6.5.0-41-generic
uname -s = Linux
uname -v = #41~22.04.2-Ubuntu SMP PREEMPT_DYNAMIC Mon Jun  3 11:32:55 UTC 2

/usr/bin/uname -p = x86_64
/bin/uname -X     = unknown

/bin/arch              = x86_64
/usr/bin/arch -k       = unknown
/usr/convex/getsysinfo = unknown
/usr/bin/hostinfo      = unknown
/bin/machine           = unknown
/usr/bin/oslevel       = unknown
/bin/universe          = unknown

PATH: /home/alex/.local/bin/
PATH: /usr/local/sbin/
PATH: /usr/local/bin/
PATH: /usr/sbin/
PATH: /usr/bin/
PATH: /sbin/
PATH: /bin/
PATH: /usr/games/
PATH: /usr/local/games/
PATH: /snap/bin/
PATH: /snap/bin/


## ----------- ##
## Core tests. ##
## ----------- ##

configure:2420: looking for aux files: config.guess config.sub ltmain.sh compile missing install-sh
configure:2433:  trying /home/alex/job/board_db/
configure:2462:   /home/alex/job/board_db/config.guess found
configure:2462:   /home/alex/job/board_db/config.sub found
configure:2462:   /home/alex/job/board_db/ltmain.sh found
configure:2462:   /home/alex/job/board_db/compile found
configure:2462:   /home/alex/job/board_db/missing found
configure:2444:   /home/alex/job/board_db/install-sh found
configure:2595: checking for a BSD-compatible install
configure:2668: result: /usr/bin/install -c
configure:2679: checking whether build environment is sane
configure:2734: result: yes
configure:2893: checking for a race-free mkdir -p
configure:2937: result: /usr/bin/mkdir -p
configure:2944: checking for gawk
configure:2979: result: no
configure:2944: checking for mawk
configure:2965: found /usr/bin/mawk
configure:2976: result: mawk
configure:2987: checking whether make sets $(MAKE)
configure:3010: result: yes
configure:3040: checking whether make supports nested variables
configure:3058: result: yes
configure:3207: checking whether make supports nested variables
configure:3225: result: yes
configure:3299: checking for gcc
configure:3320: found /usr/bin/gcc
configure:3331: result: gcc
configure:3684: checking for C compiler version
configure:3693: gcc --version >&5
gcc (Ubuntu 11.4.0-1ubuntu1~22.04) 11.4.0
Copyright (C) 2021 Free Software Foundation, Inc.
This is free software; see the source for copying conditions.  There is NO
warranty; not even for MERCHANTABILITY or FITNESS FOR A PARTICULAR PURPOSE.

configure:3704: $? = 0
configure:3693: gcc -v >&5
Using built-in specs.
COLLECT_GCC=gcc
COLLECT_LTO_WRAPPER=/usr/lib/gcc/x86_64-linux-gnu/11/lto-wrapper
OFFLOAD_TARGET_NAMES=nvptx-none:amdgcn-amdhsa
OFFLOAD_TARGET_DEFAULT=1
Target: x86_64-linux-gnu
Configured with: ../src/configure -v --with-pkgversion='Ubuntu 11.4.0-1ubuntu1~22.04' --with-bugurl=file:///usr/share/doc/gcc-11/README.Bugs --enable-languages=c,ada,c++,go,brig,d,fortran,objc,obj-c++,m2 --prefix=/usr --with-gcc-major-version-only --program-suffix=-11 --program-prefix=x86_64-linux-gnu- --enable-shared --enable-linker-build-id --libexecdir=/usr/lib --without-included-gettext --enable-threads=posix --libdir=/usr/lib --enable-nls --enable-bootstrap --enable-clocale=gnu --enable-libstdcxx-debug --enable-libstdcxx-time=yes --with-default-libstdcxx-abi=new --enable-gnu-unique-object --disable-vtable-verify --enable-plugin --enable-default-pie --with-system-zlib --enable-libphobos-checking=release --with-target-system-zlib=auto --enable-objc-gc=auto --enable-multiarch --disable-werror --enable-cet --with-arch-32=i686 --with-abi=m64 --with-multilib-list=m32,m64,mx32 --enable-multilib --with-tune=generic --enable-offload-targets=nvptx-none=/build/gcc-11-XeT9lY/gcc-11-11.4.0/debian/tmp-nvptx/usr,amdgcn-amdhsa=/build/gcc-11-XeT9lY/gcc-11-11.4.0/debian/tmp-gcn/usr --without-cuda-driver --enable-checking=release --build=x86_64-linux-gnu --host=x86_64-linux-gnu --target=x86_64-linux-gnu --with-build-config=bootstrap-lto-lean --enable-link-serialization=2
Thread model: posix
Supported LTO compression algorithms: zlib zstd
gcc version 11.4.0 (Ubuntu 11.4.0-1ubuntu1~22.04) 
... rest of stderr output deleted ...
configure:3704: $? = 0
configure:3693: gcc -V >&5
gcc: error: unrecognized command-line option '-V'
gcc: fatal error: no input files
compilation terminated.
configure:3704: $? = 1
configure:3693: gcc -qversion >&5
gcc: error: unrecognized command-line option '-qversion'; did you mean '--version'?
gcc: fatal error: no input files
compilation terminated.
configure:3704: $? = 1
configure:3693: gcc -version >&5
gcc: error: unrecognized command-line option '-version'
gcc: fatal error: no input files
compilation terminated.
configure:3704: $? = 1
configure:3724: checking whether the C compiler works
configure:3746: gcc -g -O0   conftest.c  >&5
configure:3750: $? = 0
configure:3800: result: yes
configure:3803: checking for C compiler default output file name
configure:3805: result: a.out
configure:3811: checking for suffix of executables
configure:3818: gcc -o conftest -g -O0   conftest.c  >&5
configure:3822: $? = 0
configure:3845: result: 
configure:3867: checking whether we are cross compiling
configure:3875: gcc -o conftest -g -O0   conftest.c  >&5
configure:3879: $? = 0
configure:3886: ./conftest
configure:3890: $? = 0
configure:3905: result: no
configure:3910: checking for suffix of object files
configure:3933: gcc -c -g -O0  conftest.c >&5
configure:3937: $? = 0
configure:3959: result: o
configure:3963: checking whether the compiler supports GNU C
configure:3983: gcc -c -g -O0  conftest.c >&5
configure:3983: $? = 0
configure:3993: result: yes
configure:4004: checking whether gcc accepts -g
configure:4025: gcc -c -g  conftest.c >&5
configure:4025: $? = 0
configure:4069: result: yes
configure:4089: checking for gcc option to enable C11 features
configure:4104: gcc  -c -g -O0  conftest.c >&5
configure:4104: $? = 0
configure:4122: result: none needed
configure:4238: checking whether gcc understands -c and -o together
configure:4261: gcc -c conftest.c -o conftest2.o
configure:4264: $? = 0
configure:4261: gcc -c conftest.c -o conftest2.o
configure:4264: $? = 0
configure:4276: result: yes
configure:4296: checking whether make supports the include directive
configure:4311: make -f confmf.GNU && cat confinc.out
make[2]: Entering directory '/home/alex/job/board_db/Debug'
make[2]: Leaving directory '/home/alex/job/board_db/Debug'
this is the am__doit target
configure:4314: $? = 0
configure:4333: result: yes (GNU style)
configure:4359: checking dependency style of gcc
configure:4471: result: gcc3
configure:4491: checking whether NLS is requested
configure:4501: result: yes
configure:4519: checking for intltool >= 0.35.0
configure:4521: result: 0.51.0 found
configure:4529: checking for intltool-update
configure:4552: found /usr/bin/intltool-update
configure:4564: result: /usr/bin/intltool-update
configure:4574: checking for intltool-merge
configure:4597: found /usr/bin/intltool-merge
configure:4609: result: /usr/bin/intltool-merge
configure:4619: checking for intltool-extract
configure:4642: found /usr/bin/intltool-extract
configure:4654: result: /usr/bin/intltool-extract
configure:4808: checking for xgettext
configure:4831: found /usr/bin/xgettext
configure:4843: result: /usr/bin/xgettext
configure:4853: checking for msgmerge
configure:4876: found /usr/bin/msgmerge
configure:4888: result: /usr/bin/msgmerge
configure:4898: checking for msgfmt
configure:4921: found /usr/bin/msgfmt
configure:4933: result: /usr/bin/msgfmt
configure:4943: checking for gmsgfmt
configure:4979: result: /usr/bin/msgfmt
configure:4999: checking for perl
configure:5022: found /usr/bin/perl
configure:5034: result: /usr/bin/perl
configure:5045: checking for perl >= 5.8.1
configure:5052: result: 5.34.0
configure:5056: checking for XML::Parser
configure:5059: result: ok
configure:5084: checking for stdio.h
configure:5084: gcc -c -g -O0  conftest.c >&5
configure:5084: $? = 0
configure:5084: result: yes
configure:5084: checking for stdlib.h
configure:5084: gcc -c -g -O0  conftest.c >&5
configure:5084: $? = 0
configure:5084: result: yes
configure:5084: checking for string.h
configure:5084: gcc -c -g -O0  conftest.c >&5
configure:5084: $? = 0
configure:5084: result: yes
configure:5084: checking for inttypes.h
configure:5084: gcc -c -g -O0  conftest.c >&5
configure:5084: $? = 0
configure:5084: result: yes
configure:5084: checking for stdint.h
configure:5084: gcc -c -g -O0  conftest.c >&5
configure:5084: $? = 0
configure:5084: result: yes
configure:5084: checking for strings.h
configure:5084: gcc -c -g -O0  conftest.c >&5
configure:5084: $? = 0
configure:5084: result: yes
configure:5084: checking for sys/stat.h
configure:5084: gcc -c -g -O0  conftest.c >&5
configure:5084: $? = 0
configure:5084: result: yes
configure:5084: checking for sys/types.h
configure:5084: gcc -c -g -O0  conftest.c >&5
configure:5084: $? = 0
configure:5084: result: yes
configure:5084: checking for unistd.h
configure:5084: gcc -c -g -O0  conftest.c >&5
configure:5084: $? = 0
configure:5084: result: yes
configure:5110: checking for locale.h
configure:5110: gcc -c -g -O0  conftest.c >&5
configure:5110: $? = 0
configure:5110: result: yes
configure:5118: checking for LC_MESSAGES
configure:5135: gcc -o conftest -g -O0   conftest.c  >&5
configure:5135: $? = 0
configure:5144: result: yes
configure:5162: checking for CFPreferencesCopyAppValue
configure:5181: gcc -o conftest -g -O0   conftest.c  -Wl,-framework -Wl,CoreFoundation >&5
conftest.c:24:10: fatal error: CoreFoundation/CFPreferences.h: No such file or directory
   24 | #include <CoreFoundation/CFPreferences.h>
      |          ^~~~~~~~~~~~~~~~~~~~~~~~~~~~~~~~
compilation terminated.
configure:5181: $? = 1
configure: failed program was:
| /* confdefs.h */
| #define PACKAGE_NAME "board_db"
| #define PACKAGE_TARNAME "board_db"
| #define PACKAGE_VERSION "0.1"
| #define PACKAGE_STRING "board_db 0.1"
| #define PACKAGE_BUGREPORT ""
| #define PACKAGE_URL ""
| #define PACKAGE "board_db"
| #define VERSION "0.1"
| #define GETTEXT_PACKAGE "board_db"
| #define HAVE_STDIO_H 1
| #define HAVE_STDLIB_H 1
| #define HAVE_STRING_H 1
| #define HAVE_INTTYPES_H 1
| #define HAVE_STDINT_H 1
| #define HAVE_STRINGS_H 1
| #define HAVE_SYS_STAT_H 1
| #define HAVE_SYS_TYPES_H 1
| #define HAVE_UNISTD_H 1
| #define STDC_HEADERS 1
| #define HAVE_LOCALE_H 1
| #define HAVE_LC_MESSAGES 1
| /* end confdefs.h.  */
| #include <CoreFoundation/CFPreferences.h>
| int
| main (void)
| {
| CFPreferencesCopyAppValue(NULL, NULL)
|   ;
|   return 0;
| }
configure:5191: result: no
configure:5198: checking for CFLocaleCopyCurrent
configure:5217: gcc -o conftest -g -O0   conftest.c  -Wl,-framework -Wl,CoreFoundation >&5
conftest.c:24:10: fatal error: CoreFoundation/CFLocale.h: No such file or directory
   24 | #include <CoreFoundation/CFLocale.h>
      |          ^~~~~~~~~~~~~~~~~~~~~~~~~~~
compilation terminated.
configure:5217: $? = 1
configure: failed program was:
| /* confdefs.h */
| #define PACKAGE_NAME "board_db"
| #define PACKAGE_TARNAME "board_db"
| #define PACKAGE_VERSION "0.1"
| #define PACKAGE_STRING "board_db 0.1"
| #define PACKAGE_BUGREPORT ""
| #define PACKAGE_URL ""
| #define PACKAGE "board_db"
| #define VERSION "0.1"
| #define GETTEXT_PACKAGE "board_db"
| #define HAVE_STDIO_H 1
| #define HAVE_STDLIB_H 1
| #define HAVE_STRING_H 1
| #define HAVE_INTTYPES_H 1
| #define HAVE_STDINT_H 1
| #define HAVE_STRINGS_H 1
| #define HAVE_SYS_STAT_H 1
| #define HAVE_SYS_TYPES_H 1
| #define HAVE_UNISTD_H 1
| #define STDC_HEADERS 1
| #define HAVE_LOCALE_H 1
| #define HAVE_LC_MESSAGES 1
| /* end confdefs.h.  */
| #include <CoreFoundation/CFLocale.h>
| int
| main (void)
| {
| CFLocaleCopyCurrent();
|   ;
|   return 0;
| }
configure:5227: result: no
configure:5241: checking for libintl.h
configure:5241: gcc -c -g -O0  conftest.c >&5
configure:5241: $? = 0
configure:5241: result: yes
configure:5250: checking for ngettext in libc
configure:5269: gcc -o conftest -g -O0   conftest.c  >&5
configure:5269: $? = 0
configure:5279: result: yes
configure:5283: checking for dgettext in libc
configure:5302: gcc -o conftest -g -O0   conftest.c  >&5
configure:5302: $? = 0
configure:5312: result: yes
configure:5317: checking for bind_textdomain_codeset
configure:5317: gcc -o conftest -g -O0   conftest.c  >&5
configure:5317: $? = 0
configure:5317: result: yes
configure:5587: checking for msgfmt
configure:5615: result: /usr/bin/msgfmt
configure:5624: checking for dcgettext
configure:5624: gcc -o conftest -g -O0   conftest.c   >&5
conftest.c:42:6: warning: conflicting types for built-in function 'dcgettext'; expected 'char *(const char *, const char *, int)' [-Wbuiltin-declaration-mismatch]
   42 | char dcgettext ();
      |      ^~~~~~~~~
configure:5624: $? = 0
configure:5624: result: yes
configure:5632: checking if msgfmt accepts -c
configure:5647: $MSGFMT -c -o /dev/null conftest.foo
conftest.foo:3: warning: header field 'Language' missing in header
configure:5650: $? = 0
configure:5652: result: yes
configure:5662: checking for gmsgfmt
configure:5698: result: /usr/bin/msgfmt
configure:5708: checking for xgettext
configure:5736: result: /usr/bin/xgettext
configure:5755: gcc -o conftest -g -O0   conftest.c   >&5
configure:5755: $? = 0
configure:5932: checking build system type
configure:5947: result: x86_64-pc-linux-gnu
configure:5967: checking host system type
configure:5981: result: x86_64-pc-linux-gnu
configure:6022: checking how to print strings
configure:6049: result: printf
configure:6070: checking for a sed that does not truncate output
configure:6140: result: /usr/bin/sed
configure:6158: checking for grep that handles long lines and -e
configure:6222: result: /usr/bin/grep
configure:6227: checking for egrep
configure:6295: result: /usr/bin/grep -E
configure:6300: checking for fgrep
configure:6368: result: /usr/bin/grep -F
configure:6404: checking for ld used by gcc
configure:6472: result: /usr/bin/ld
configure:6479: checking if the linker (/usr/bin/ld) is GNU ld
configure:6495: result: yes
configure:6507: checking for BSD- or MS-compatible name lister (nm)
configure:6562: result: /usr/bin/nm -B
configure:6702: checking the name lister (/usr/bin/nm -B) interface
configure:6710: gcc -c -g -O0  conftest.c >&5
configure:6713: /usr/bin/nm -B "conftest.o"
configure:6716: output
0000000000000000 B some_variable
configure:6723: result: BSD nm
configure:6726: checking whether ln -s works
configure:6730: result: yes
configure:6738: checking the maximum length of command line arguments
configure:6870: result: 1572864
configure:6918: checking how to convert x86_64-pc-linux-gnu file names to x86_64-pc-linux-gnu format
configure:6959: result: func_convert_file_noop
configure:6966: checking how to convert x86_64-pc-linux-gnu file names to toolchain format
configure:6987: result: func_convert_file_noop
configure:6994: checking for /usr/bin/ld option to reload object files
configure:7002: result: -r
configure:7081: checking for objdump
configure:7102: found /usr/bin/objdump
configure:7113: result: objdump
configure:7145: checking how to recognize dependent libraries
configure:7346: result: pass_all
configure:7436: checking for dlltool
configure:7471: result: no
configure:7501: checking how to associate runtime and link libraries
configure:7529: result: printf %s\n
configure:7594: checking for ar
configure:7615: found /usr/bin/ar
configure:7626: result: ar
configure:7663: checking for archiver @FILE support
configure:7681: gcc -c -g -O0  conftest.c >&5
configure:7681: $? = 0
configure:7685: ar cr libconftest.a @conftest.lst >&5
configure:7688: $? = 0
configure:7693: ar cr libconftest.a @conftest.lst >&5
ar: conftest.o: No such file or directory
configure:7696: $? = 1
configure:7708: result: @
configure:7771: checking for strip
configure:7792: found /usr/bin/strip
configure:7803: result: strip
configure:7880: checking for ranlib
configure:7901: found /usr/bin/ranlib
configure:7912: result: ranlib
configure:8014: checking command to parse /usr/bin/nm -B output from gcc object
configure:8168: gcc -c -g -O0  conftest.c >&5
configure:8171: $? = 0
configure:8175: /usr/bin/nm -B conftest.o | sed -n -e 's/^.*[	 ]\([ABCDGIRSTW][ABCDGIRSTW]*\)[	 ][	 ]*\([_A-Za-z][_A-Za-z0-9]*\)$/\1 \2 \2/p' | sed '/ __gnu_lto/d' > conftest.nm
configure:8241: gcc -o conftest -g -O0   conftest.c conftstm.o >&5
configure:8244: $? = 0
configure:8282: result: ok
configure:8329: checking for sysroot
configure:8360: result: no
configure:8367: checking for a working dd
configure:8411: result: /usr/bin/dd
configure:8415: checking how to truncate binary pipes
configure:8431: result: /usr/bin/dd bs=4096 count=1
configure:8568: gcc -c -g -O0  conftest.c >&5
configure:8571: $? = 0
configure:8768: checking for mt
configure:8789: found /usr/bin/mt
configure:8800: result: mt
configure:8823: checking if mt is a manifest tool
configure:8830: mt '-?'
configure:8838: result: no
configure:9564: checking for dlfcn.h
configure:9564: gcc -c -g -O0  conftest.c >&5
configure:9564: $? = 0
configure:9564: result: yes
configure:9823: checking for objdir
configure:9839: result: .libs
configure:10099: checking if gcc supports -fno-rtti -fno-exceptions
configure:10118: gcc -c -g -O0  -fno-rtti -fno-exceptions conftest.c >&5
cc1: warning: command-line option '-fno-rtti' is valid for C++/D/ObjC++ but not for C
configure:10122: $? = 0
configure:10135: result: no
configure:10499: checking for gcc option to produce PIC
configure:10507: result: -fPIC -DPIC
configure:10515: checking if gcc PIC flag -fPIC -DPIC works
configure:10534: gcc -c -g -O0  -fPIC -DPIC -DPIC conftest.c >&5
configure:10538: $? = 0
configure:10551: result: yes
configure:10580: checking if gcc static flag -static works
configure:10609: result: yes
configure:10624: checking if gcc supports -c -o file.o
configure:10646: gcc -c -g -O0  -o out/conftest2.o conftest.c >&5
configure:10650: $? = 0
configure:10672: result: yes
configure:10680: checking if gcc supports -c -o file.o
configure:10728: result: yes
configure:10761: checking whether the gcc linker (/usr/bin/ld -m elf_x86_64) supports shared libraries
configure:12031: result: yes
configure:12068: checking whether -lc should be explicitly linked in
configure:12077: gcc -c -g -O0  conftest.c >&5
configure:12080: $? = 0
configure:12095: gcc -shared  -fPIC -DPIC conftest.o  -v -Wl,-soname -Wl,conftest -o conftest 2\>\&1 \| /usr/bin/grep  -lc  \>/dev/null 2\>\&1
configure:12098: $? = 0
configure:12112: result: no
configure:12272: checking dynamic linker characteristics
configure:12854: gcc -o conftest -g -O0   -Wl,-rpath -Wl,/foo conftest.c  >&5
configure:12854: $? = 0
configure:13105: result: GNU/Linux ld.so
configure:13227: checking how to hardcode library paths into programs
configure:13252: result: immediate
configure:13804: checking whether stripping libraries is possible
configure:13809: result: yes
configure:13844: checking if libtool supports shared libraries
configure:13846: result: yes
configure:13849: checking whether to build shared libraries
configure:13874: result: yes
configure:13877: checking whether to build static libraries
configure:13881: result: yes
configure:13979: checking for pkg-config
configure:14002: found /usr/bin/pkg-config
configure:14014: result: /usr/bin/pkg-config
configure:14039: checking pkg-config is at least version 0.9.0
configure:14042: result: yes
configure:14052: checking for gtk+-3.0 
configure:14059: $PKG_CONFIG --exists --print-errors "gtk+-3.0 "
configure:14062: $? = 0
configure:14076: $PKG_CONFIG --exists --print-errors "gtk+-3.0 "
configure:14079: $? = 0
configure:14137: result: yes
configure:14248: checking that generated files are newer than configure
configure:14254: result: done
configure:14281: creating ./config.status
configure:16446: WARNING: unrecognized options: --enable-maintainer-mode

## ---------------- ##
## Cache variables. ##
## ---------------- ##

ac_cv_build=x86_64-pc-linux-gnu
ac_cv_c_compiler_gnu=yes
ac_cv_env_BOARD_DB_CFLAGS_set=
ac_cv_env_BOARD_DB_CFLAGS_value=
ac_cv_env_BOARD_DB_LIBS_set=
ac_cv_env_BOARD_DB_LIBS_value=
ac_cv_env_CC_set=
ac_cv_env_CC_value=
ac_cv_env_CFLAGS_set=set
ac_cv_env_CFLAGS_value='-g -O0'
ac_cv_env_CPPFLAGS_set=
ac_cv_env_CPPFLAGS_value=
ac_cv_env_LDFLAGS_set=
ac_cv_env_LDFLAGS_value=
ac_cv_env_LIBS_set=
ac_cv_env_LIBS_value=
ac_cv_env_LT_SYS_LIBRARY_PATH_set=
ac_cv_env_LT_SYS_LIBRARY_PATH_value=
ac_cv_env_PKG_CONFIG_LIBDIR_set=
ac_cv_env_PKG_CONFIG_LIBDIR_value=
ac_cv_env_PKG_CONFIG_PATH_set=
ac_cv_env_PKG_CONFIG_PATH_value=
ac_cv_env_PKG_CONFIG_set=
ac_cv_env_PKG_CONFIG_value=
ac_cv_env_build_alias_set=
ac_cv_env_build_alias_value=
ac_cv_env_host_alias_set=
ac_cv_env_host_alias_value=
ac_cv_env_target_alias_set=
ac_cv_env_target_alias_value=
ac_cv_func_bind_textdomain_codeset=yes
ac_cv_func_dcgettext=yes
ac_cv_header_dlfcn_h=yes
ac_cv_header_inttypes_h=yes
ac_cv_header_libintl_h=yes
ac_cv_header_locale_h=yes
ac_cv_header_stdint_h=yes
ac_cv_header_stdio_h=yes
ac_cv_header_stdlib_h=yes
ac_cv_header_string_h=yes
ac_cv_header_strings_h=yes
ac_cv_header_sys_stat_h=yes
ac_cv_header_sys_types_h=yes
ac_cv_header_unistd_h=yes
ac_cv_host=x86_64-pc-linux-gnu
ac_cv_objext=o
ac_cv_path_EGREP='/usr/bin/grep -E'
ac_cv_path_FGREP='/usr/bin/grep -F'
ac_cv_path_GMSGFMT=/usr/bin/msgfmt
ac_cv_path_GREP=/usr/bin/grep
ac_cv_path_INTLTOOL_EXTRACT=/usr/bin/intltool-extract
ac_cv_path_INTLTOOL_MERGE=/usr/bin/intltool-merge
ac_cv_path_INTLTOOL_PERL=/usr/bin/perl
ac_cv_path_INTLTOOL_UPDATE=/usr/bin/intltool-update
ac_cv_path_MSGFMT=/usr/bin/msgfmt
ac_cv_path_MSGMERGE=/usr/bin/msgmerge
ac_cv_path_SED=/usr/bin/sed
ac_cv_path_XGETTEXT=/usr/bin/xgettext
ac_cv_path_ac_pt_PKG_CONFIG=/usr/bin/pkg-config
ac_cv_path_install='/usr/bin/install -c'
ac_cv_path_lt_DD=/usr/bin/dd
ac_cv_path_mkdir=/usr/bin/mkdir
ac_cv_prog_AWK=mawk
ac_cv_prog_ac_ct_AR=ar
ac_cv_prog_ac_ct_CC=gcc
ac_cv_prog_ac_ct_MANIFEST_TOOL=mt
ac_cv_prog_ac_ct_OBJDUMP=objdump
ac_cv_prog_ac_ct_RANLIB=ranlib
ac_cv_prog_ac_ct_STRIP=strip
ac_cv_prog_cc_c11=
ac_cv_prog_cc_g=yes
ac_cv_prog_cc_stdc=
ac_cv_prog_make_make_set=yes
am_cv_CC_dependencies_compiler_type=gcc3
am_cv_make_support_nested_variables=yes
am_cv_prog_cc_c_o=yes
am_cv_val_LC_MESSAGES=yes
gt_cv_func_CFLocaleCopyCurrent=no
gt_cv_func_CFPreferencesCopyAppValue=no
gt_cv_func_dgettext_libc=yes
gt_cv_func_dgettext_libintl=no
gt_cv_func_ngettext_libc=yes
gt_cv_have_gettext=yes
lt_cv_ar_at_file=@
lt_cv_archive_cmds_need_lc=no
lt_cv_deplibs_check_method=pass_all
lt_cv_file_magic_cmd='$MAGIC_CMD'
lt_cv_file_magic_test_file=
lt_cv_ld_reload_flag=-r
lt_cv_nm_interface='BSD nm'
lt_cv_objdir=.libs
lt_cv_path_LD=/usr/bin/ld
lt_cv_path_NM='/usr/bin/nm -B'
lt_cv_path_mainfest_tool=no
lt_cv_prog_compiler_c_o=yes
lt_cv_prog_compiler_pic='-fPIC -DPIC'
lt_cv_prog_compiler_pic_works=yes
lt_cv_prog_compiler_rtti_exceptions=no
lt_cv_prog_compiler_static_works=yes
lt_cv_prog_gnu_ld=yes
lt_cv_sharedlib_from_linklib_cmd='printf %s\n'
lt_cv_shlibpath_overrides_runpath=yes
lt_cv_sys_global_symbol_pipe='sed -n -e '\''s/^.*[	 ]\([ABCDGIRSTW][ABCDGIRSTW]*\)[	 ][	 ]*\([_A-Za-z][_A-Za-z0-9]*\)$/\1 \2 \2/p'\'' | sed '\''/ __gnu_lto/d'\'''
lt_cv_sys_global_symbol_to_c_name_address='sed -n -e '\''s/^: \(.*\) .*$/  {"\1", (void *) 0},/p'\'' -e '\''s/^[ABCDGIRSTW][ABCDGIRSTW]* .* \(.*\)$/  {"\1", (void *) \&\1},/p'\'''
lt_cv_sys_global_symbol_to_c_name_address_lib_prefix='sed -n -e '\''s/^: \(.*\) .*$/  {"\1", (void *) 0},/p'\'' -e '\''s/^[ABCDGIRSTW][ABCDGIRSTW]* .* \(lib.*\)$/  {"\1", (void *) \&\1},/p'\'' -e '\''s/^[ABCDGIRSTW][ABCDGIRSTW]* .* \(.*\)$/  {"lib\1", (void *) \&\1},/p'\'''
lt_cv_sys_global_symbol_to_cdecl='sed -n -e '\''s/^T .* \(.*\)$/extern int \1();/p'\'' -e '\''s/^[ABCDGIRSTW][ABCDGIRSTW]* .* \(.*\)$/extern char \1;/p'\'''
lt_cv_sys_global_symbol_to_import=
lt_cv_sys_max_cmd_len=1572864
lt_cv_to_host_file_cmd=func_convert_file_noop
lt_cv_to_tool_file_cmd=func_convert_file_noop
lt_cv_truncate_bin='/usr/bin/dd bs=4096 count=1'
pkg_cv_BOARD_DB_CFLAGS='-pthread -I/usr/include/gtk-3.0 -I/usr/include/at-spi2-atk/2.0 -I/usr/include/at-spi-2.0 -I/usr/include/dbus-1.0 -I/usr/lib/x86_64-linux-gnu/dbus-1.0/include -I/usr/include/gtk-3.0 -I/usr/include/gio-unix-2.0 -I/usr/include/cairo -I/usr/include/pango-1.0 -I/usr/include/harfbuzz -I/usr/include/pango-1.0 -I/usr/include/fribidi -I/usr/include/harfbuzz -I/usr/include/atk-1.0 -I/usr/include/cairo -I/usr/include/pixman-1 -I/usr/include/uuid -I/usr/include/freetype2 -I/usr/include/gdk-pixbuf-2.0 -I/usr/include/libpng16 -I/usr/include/x86_64-linux-gnu -I/usr/include/libmount -I/usr/include/blkid -I/usr/include/glib-2.0 -I/usr/lib/x86_64-linux-gnu/glib-2.0/include'
pkg_cv_BOARD_DB_LIBS='-lgtk-3 -lgdk-3 -lpangocairo-1.0 -lpango-1.0 -lharfbuzz -latk-1.0 -lcairo-gobject -lcairo -lgdk_pixbuf-2.0 -lgio-2.0 -lgobject-2.0 -lglib-2.0'

## ----------------- ##
## Output variables. ##
## ----------------- ##

ACLOCAL='${SHELL} '\''/home/alex/job/board_db/missing'\'' aclocal-1.16'
ALL_LINGUAS=''
AMDEPBACKSLASH='\'
AMDEP_FALSE='#'
AMDEP_TRUE=''
AMTAR='$${TAR-tar}'
AM_BACKSLASH='\'
AM_DEFAULT_V='$(AM_DEFAULT_VERBOSITY)'
AM_DEFAULT_VERBOSITY='0'
AM_V='$(V)'
AR='ar'
AUTOCONF='${SHELL} '\''/home/alex/job/board_db/missing'\'' autoconf'
AUTOHEADER='${SHELL} '\''/home/alex/job/board_db/missing'\'' autoheader'
AUTOMAKE='${SHELL} '\''/home/alex/job/board_db/missing'\'' automake-1.16'
AWK='mawk'
BOARD_DB_CFLAGS='-pthread -I/usr/include/gtk-3.0 -I/usr/include/at-spi2-atk/2.0 -I/usr/include/at-spi-2.0 -I/usr/include/dbus-1.0 -I/usr/lib/x86_64-linux-gnu/dbus-1.0/include -I/usr/include/gtk-3.0 -I/usr/include/gio-unix-2.0 -I/usr/include/cairo -I/usr/include/pango-1.0 -I/usr/include/harfbuzz -I/usr/include/pango-1.0 -I/usr/include/fribidi -I/usr/include/harfbuzz -I/usr/include/atk-1.0 -I/usr/include/cairo -I/usr/include/pixman-1 -I/usr/include/uuid -I/usr/include/freetype2 -I/usr/include/gdk-pixbuf-2.0 -I/usr/include/libpng16 -I/usr/include/x86_64-linux-gnu -I/usr/include/libmount -I/usr/include/blkid -I/usr/include/glib-2.0 -I/usr/lib/x86_64-linux-gnu/glib-2.0/include'
BOARD_DB_LIBS='-lgtk-3 -lgdk-3 -lpangocairo-1.0 -lpango-1.0 -lharfbuzz -latk-1.0 -lcairo-gobject -lcairo -lgdk_pixbuf-2.0 -lgio-2.0 -lgobject-2.0 -lglib-2.0'
CATALOGS=''
CATOBJEXT='.gmo'
CC='gcc'
CCDEPMODE='depmode=gcc3'
CFLAGS='-g -O0'
CPPFLAGS=''
CSCOPE='cscope'
CTAGS='ctags'
CYGPATH_W='echo'
DATADIRNAME='share'
DEFS='-DHAVE_CONFIG_H'
DEPDIR='.deps'
DLLTOOL='false'
DSYMUTIL=''
DUMPBIN=''
ECHO_C=''
ECHO_N='-n'
ECHO_T=''
EGREP='/usr/bin/grep -E'
ETAGS='etags'
EXEEXT=''
FGREP='/usr/bin/grep -F'
GETTEXT_PACKAGE='board_db'
GMOFILES=''
GMSGFMT='/usr/bin/msgfmt'
GREP='/usr/bin/grep'
INSTALL_DATA='${INSTALL} -m 644'
INSTALL_PROGRAM='${INSTALL}'
INSTALL_SCRIPT='${INSTALL}'
INSTALL_STRIP_PROGRAM='$(install_sh) -c -s'
INSTOBJEXT='.mo'
INTLLIBS=''
INTLTOOL_CAVES_RULE='%.caves:     %.caves.in     $(INTLTOOL_MERGE) $(wildcard $(top_srcdir)/po/*.po) ; $(INTLTOOL_V_MERGE)LC_ALL=C $(INTLTOOL_MERGE) $(INTLTOOL_V_MERGE_OPTIONS) -d -u -c $(top_builddir)/po/.intltool-merge-cache $(top_srcdir)/po $< $@'
INTLTOOL_DESKTOP_RULE='%.desktop:   %.desktop.in   $(INTLTOOL_MERGE) $(wildcard $(top_srcdir)/po/*.po) ; $(INTLTOOL_V_MERGE)LC_ALL=C $(INTLTOOL_MERGE) $(INTLTOOL_V_MERGE_OPTIONS) -d -u -c $(top_builddir)/po/.intltool-merge-cache $(top_srcdir)/po $< $@'
INTLTOOL_DIRECTORY_RULE='%.directory: %.directory.in $(INTLTOOL_MERGE) $(wildcard $(top_srcdir)/po/*.po) ; $(INTLTOOL_V_MERGE)LC_ALL=C $(INTLTOOL_MERGE) $(INTLTOOL_V_MERGE_OPTIONS) -d -u -c $(top_builddir)/po/.intltool-merge-cache $(top_srcdir)/po $< $@'
INTLTOOL_EXTRACT='/usr/bin/intltool-extract'
INTLTOOL_KBD_RULE='%.kbd:       %.kbd.in       $(INTLTOOL_MERGE) $(wildcard $(top_srcdir)/po/*.po) ; $(INTLTOOL_V_MERGE)LC_ALL=C $(INTLTOOL_MERGE) $(INTLTOOL_V_MERGE_OPTIONS) -x -u -m -c $(top_builddir)/po/.intltool-merge-cache $(top_srcdir)/po $< $@'
INTLTOOL_KEYS_RULE='%.keys:      %.keys.in      $(INTLTOOL_MERGE) $(wildcard $(top_srcdir)/po/*.po) ; $(INTLTOOL_V_MERGE)LC_ALL=C $(INTLTOOL_MERGE) $(INTLTOOL_V_MERGE_OPTIONS) -k -u -c $(top_builddir)/po/.intltool-merge-cache $(top_srcdir)/po $< $@'
INTLTOOL_MERGE='/usr/bin/intltool-merge'
INTLTOOL_OAF_RULE='%.oaf:       %.oaf.in       $(INTLTOOL_MERGE) $(wildcard $(top_srcdir)/po/*.po) ; $(INTLTOOL_V_MERGE)LC_ALL=C $(INTLTOOL_MERGE) $(INTLTOOL_V_MERGE_OPTIONS) -o -p $(top_srcdir)/po $< $@'
INTLTOOL_PERL='/usr/bin/perl'
INTLTOOL_POLICY_RULE='%.policy:    %.policy.in    $(INTLTOOL_MERGE) $(wildcard $(top_srcdir)/po/*.po) ; $(INTLTOOL_V_MERGE)LC_ALL=C $(INTLTOOL_MERGE) $(INTLTOOL_V_MERGE_OPTIONS) -x -u -c $(top_builddir)/po/.intltool-merge-cache $(top_srcdir)/po $< $@'
INTLTOOL_PONG_RULE='%.pong:      %.pong.in      $(INTLTOOL_MERGE) $(wildcard $(top_srcdir)/po/*.po) ; $(INTLTOOL_V_MERGE)LC_ALL=C $(INTLTOOL_MERGE) $(INTLTOOL_V_MERGE_OPTIONS) -x -u -c $(top_builddir)/po/.intltool-merge-cache $(top_srcdir)/po $< $@'
INTLTOOL_PROP_RULE='%.prop:      %.prop.in      $(INTLTOOL_MERGE) $(wildcard $(top_srcdir)/po/*.po) ; $(INTLTOOL_V_MERGE)LC_ALL=C $(INTLTOOL_MERGE) $(INTLTOOL_V_MERGE_OPTIONS) -d -u -c $(top_builddir)/po/.intltool-merge-cache $(top_srcdir)/po $< $@'
INTLTOOL_SCHEMAS_RULE='%.schemas:   %.schemas.in   $(INTLTOOL_MERGE) $(wildcard $(top_srcdir)/po/*.po) ; $(INTLTOOL_V_MERGE)LC_ALL=C $(INTLTOOL_MERGE) $(INTLTOOL_V_MERGE_OPTIONS) -s -u -c $(top_builddir)/po/.intltool-merge-cache $(top_srcdir)/po $< $@'
INTLTOOL_SERVER_RULE='%.server:    %.server.in    $(INTLTOOL_MERGE) $(wildcard $(top_srcdir)/po/*.po) ; $(INTLTOOL_V_MERGE)LC_ALL=C $(INTLTOOL_MERGE) $(INTLTOOL_V_MERGE_OPTIONS) -o -u -c $(top_builddir)/po/.intltool-merge-cache $(top_srcdir)/po $< $@'
INTLTOOL_SERVICE_RULE='%.service: %.service.in   $(INTLTOOL_MERGE) $(wildcard $(top_srcdir)/po/*.po) ; $(INTLTOOL_V_MERGE)LC_ALL=C $(INTLTOOL_MERGE) $(INTLTOOL_V_MERGE_OPTIONS) -d -u -c $(top_builddir)/po/.intltool-merge-cache $(top_srcdir)/po $< $@'
INTLTOOL_SHEET_RULE='%.sheet:     %.sheet.in     $(INTLTOOL_MERGE) $(wildcard $(top_srcdir)/po/*.po) ; $(INTLTOOL_V_MERGE)LC_ALL=C $(INTLTOOL_MERGE) $(INTLTOOL_V_MERGE_OPTIONS) -x -u -c $(top_builddir)/po/.intltool-merge-cache $(top_srcdir)/po $< $@'
INTLTOOL_SOUNDLIST_RULE='%.soundlist: %.soundlist.in $(INTLTOOL_MERGE) $(wildcard $(top_srcdir)/po/*.po) ; $(INTLTOOL_V_MERGE)LC_ALL=C $(INTLTOOL_MERGE) $(INTLTOOL_V_MERGE_OPTIONS) -d -u -c $(top_builddir)/po/.intltool-merge-cache $(top_srcdir)/po $< $@'
INTLTOOL_THEME_RULE='%.theme:     %.theme.in     $(INTLTOOL_MERGE) $(wildcard $(top_srcdir)/po/*.po) ; $(INTLTOOL_V_MERGE)LC_ALL=C $(INTLTOOL_MERGE) $(INTLTOOL_V_MERGE_OPTIONS) -d -u -c $(top_builddir)/po/.intltool-merge-cache $(top_srcdir)/po $< $@'
INTLTOOL_UI_RULE='%.ui:        %.ui.in        $(INTLTOOL_MERGE) $(wildcard $(top_srcdir)/po/*.po) ; $(INTLTOOL_V_MERGE)LC_ALL=C $(INTLTOOL_MERGE) $(INTLTOOL_V_MERGE_OPTIONS) -x -u -c $(top_builddir)/po/.intltool-merge-cache $(top_srcdir)/po $< $@'
INTLTOOL_UPDATE='/usr/bin/intltool-update'
INTLTOOL_V_MERGE='$(INTLTOOL__v_MERGE_$(V))'
INTLTOOL_V_MERGE_OPTIONS='$(intltool__v_merge_options_$(V))'
INTLTOOL_XAM_RULE='%.xam:       %.xml.in       $(INTLTOOL_MERGE) $(wildcard $(top_srcdir)/po/*.po) ; $(INTLTOOL_V_MERGE)LC_ALL=C $(INTLTOOL_MERGE) $(INTLTOOL_V_MERGE_OPTIONS) -x -u -c $(top_builddir)/po/.intltool-merge-cache $(top_srcdir)/po $< $@'
INTLTOOL_XML_NOMERGE_RULE='%.xml:       %.xml.in       $(INTLTOOL_MERGE) ; $(INTLTOOL_V_MERGE)LC_ALL=C $(INTLTOOL_MERGE) $(INTLTOOL_V_MERGE_OPTIONS) -x -u --no-translations $< $@'
INTLTOOL_XML_RULE='%.xml:       %.xml.in       $(INTLTOOL_MERGE) $(wildcard $(top_srcdir)/po/*.po) ; $(INTLTOOL_V_MERGE)LC_ALL=C $(INTLTOOL_MERGE) $(INTLTOOL_V_MERGE_OPTIONS) -x -u -c $(top_builddir)/po/.intltool-merge-cache $(top_srcdir)/po $< $@'
INTLTOOL__v_MERGE_0='@echo "  ITMRG " $@;'
INTLTOOL__v_MERGE_='$(INTLTOOL__v_MERGE_$(AM_DEFAULT_VERBOSITY))'
INTL_MACOSX_LIBS=''
LD='/usr/bin/ld -m elf_x86_64'
LDFLAGS=''
LIBOBJS=''
LIBS=''
LIBTOOL='$(SHELL) $(top_builddir)/libtool'
LIPO=''
LN_S='ln -s'
LTLIBOBJS=''
LT_SYS_LIBRARY_PATH=''
MAKEINFO='${SHELL} '\''/home/alex/job/board_db/missing'\'' makeinfo'
MANIFEST_TOOL=':'
MKDIR_P='/usr/bin/mkdir -p'
MKINSTALLDIRS='/home/alex/job/board_db//mkinstalldirs'
MSGFMT='/usr/bin/msgfmt'
MSGFMT_OPTS='-c'
MSGMERGE='/usr/bin/msgmerge'
NM='/usr/bin/nm -B'
NMEDIT=''
OBJDUMP='objdump'
OBJEXT='o'
OTOOL64=''
OTOOL=''
PACKAGE='board_db'
PACKAGE_BUGREPORT=''
PACKAGE_NAME='board_db'
PACKAGE_STRING='board_db 0.1'
PACKAGE_TARNAME='board_db'
PACKAGE_URL=''
PACKAGE_VERSION='0.1'
PATH_SEPARATOR=':'
PKG_CONFIG='/usr/bin/pkg-config'
PKG_CONFIG_LIBDIR=''
PKG_CONFIG_PATH=''
POFILES=''
POSUB='po'
PO_IN_DATADIR_FALSE=''
PO_IN_DATADIR_TRUE=''
RANLIB='ranlib'
SED='/usr/bin/sed'
SET_MAKE=''
SHELL='/bin/bash'
STRIP='strip'
USE_NLS='yes'
VERSION='0.1'
XGETTEXT='/usr/bin/xgettext'
ac_ct_AR='ar'
ac_ct_CC='gcc'
ac_ct_DUMPBIN=''
am__EXEEXT_FALSE=''
am__EXEEXT_TRUE='#'
am__fastdepCC_FALSE='#'
am__fastdepCC_TRUE=''
am__include='include'
am__isrc=' -I$(srcdir)'
am__leading_dot='.'
am__nodep='_no'
am__quote=''
am__tar='$${TAR-tar} chof - "$$tardir"'
am__untar='$${TAR-tar} xf -'
bindir='${exec_prefix}/bin'
build='x86_64-pc-linux-gnu'
build_alias=''
build_cpu='x86_64'
build_os='linux-gnu'
build_vendor='pc'
datadir='${datarootdir}'
datarootdir='${prefix}/share'
docdir='${datarootdir}/doc/${PACKAGE_TARNAME}'
dvidir='${docdir}'
exec_prefix='${prefix}'
host='x86_64-pc-linux-gnu'
host_alias=''
host_cpu='x86_64'
host_os='linux-gnu'
host_vendor='pc'
htmldir='${docdir}'
includedir='${prefix}/include'
infodir='${datarootdir}/info'
install_sh='${SHELL} /home/alex/job/board_db/install-sh'
intltool__v_merge_options_0='-q'
intltool__v_merge_options_='$(intltool__v_merge_options_$(AM_DEFAULT_VERBOSITY))'
libdir='${exec_prefix}/lib'
libexecdir='${exec_prefix}/libexec'
localedir='${datarootdir}/locale'
localstatedir='${prefix}/var'
mandir='${datarootdir}/man'
mkdir_p='$(MKDIR_P)'
oldincludedir='/usr/include'
pdfdir='${docdir}'
prefix='/usr/local'
program_transform_name='s,x,x,'
psdir='${docdir}'
runstatedir='${localstatedir}/run'
sbindir='${exec_prefix}/sbin'
sharedstatedir='${prefix}/com'
sysconfdir='${prefix}/etc'
target_alias=''

## ----------- ##
## confdefs.h. ##
## ----------- ##

/* confdefs.h */
#define PACKAGE_NAME "board_db"
#define PACKAGE_TARNAME "board_db"
#define PACKAGE_VERSION "0.1"
#define PACKAGE_STRING "board_db 0.1"
#define PACKAGE_BUGREPORT ""
#define PACKAGE_URL ""
#define PACKAGE "board_db"
#define VERSION "0.1"
#define GETTEXT_PACKAGE "board_db"
#define HAVE_STDIO_H 1
#define HAVE_STDLIB_H 1
#define HAVE_STRING_H 1
#define HAVE_INTTYPES_H 1
#define HAVE_STDINT_H 1
#define HAVE_STRINGS_H 1
#define HAVE_SYS_STAT_H 1
#define HAVE_SYS_TYPES_H 1
#define HAVE_UNISTD_H 1
#define STDC_HEADERS 1
#define HAVE_LOCALE_H 1
#define HAVE_LC_MESSAGES 1
#define HAVE_BIND_TEXTDOMAIN_CODESET 1
#define HAVE_GETTEXT 1
#define HAVE_DCGETTEXT 1
#define ENABLE_NLS 1
#define HAVE_DLFCN_H 1
#define LT_OBJDIR ".libs/"

configure: exit 0

## ---------------------- ##
## Running config.status. ##
## ---------------------- ##

This file was extended by board_db config.status 0.1, which was
generated by GNU Autoconf 2.71.  Invocation command line was

  CONFIG_FILES    = 
  CONFIG_HEADERS  = 
  CONFIG_LINKS    = 
  CONFIG_COMMANDS = 
  $ ./config.status 

on alex-RLEF-XX

config.status:1168: creating Makefile
config.status:1168: creating src/Makefile
config.status:1168: creating po/Makefile.in
config.status:1168: creating config.h
config.status:1334: config.h is unchanged
config.status:1382: executing depfiles commands
config.status:1459: cd src       && sed -e '/# am--include-marker/d' Makefile         | make -f - am--depfiles
make[2]: Entering directory '/home/alex/job/board_db/Debug/src'
make[2]: Nothing to be done for 'am--depfiles'.
make[2]: Leaving directory '/home/alex/job/board_db/Debug/src'
config.status:1464: $? = 0
config.status:1382: executing default-1 commands
config.status:1382: executing libtool commands
config.status:1382: executing po/stamp-it commands

## ---------------------- ##
## Running config.status. ##
## ---------------------- ##

This file was extended by board_db config.status 0.1, which was
generated by GNU Autoconf 2.71.  Invocation command line was

  CONFIG_FILES    = 
  CONFIG_HEADERS  = 
  CONFIG_LINKS    = 
  CONFIG_COMMANDS = 
  $ ./config.status config.h

on alex-RLEF-XX

config.status:1168: creating config.h
config.status:1334: config.h is unchanged
